<?xml version="1.0" encoding="UTF-8"?>
<!-- Generated by org.testng.reporters.JUnitXMLReporter -->
<testsuite ignored="0" hostname="DESKTOP-QT4E40G" failures="0" tests="3" name="Default test" time="0.074" errors="0" timestamp="2023-03-10T17:26:01 IST">
  <testcase classname="jenkinsPractice.Practice2" name="test4" time="0.014"/>
  <testcase classname="jenkinsPractice.Practice2" name="test5" time="0.003"/>
  <testcase classname="jenkinsPractice.Practice2" name="test6" time="0.001"/>
</testsuite> <!-- Default test -->
