<?xml version="1.0" encoding="UTF-8"?>
<!-- Generated by org.testng.reporters.JUnitXMLReporter -->
<testsuite ignored="0" hostname="DESKTOP-QT4E40G" failures="0" tests="6" name="Test" time="0.107" errors="0" timestamp="2023-03-10T17:29:37 IST">
  <testcase classname="jenkinsPractice.Practice1" name="test1" time="0.018"/>
  <testcase classname="jenkinsPractice.Practice1" name="test2" time="0.002"/>
  <testcase classname="jenkinsPractice.Practice1" name="test3" time="0.004"/>
  <testcase classname="jenkinsPractice.Practice2" name="test4" time="0.002"/>
  <testcase classname="jenkinsPractice.Practice2" name="test5" time="0.003"/>
  <testcase classname="jenkinsPractice.Practice2" name="test6" time="0.002"/>
</testsuite> <!-- Test -->
