<?xml version="1.0" encoding="UTF-8"?>
<testng-results ignored="0" total="6" passed="6" failed="0" skipped="0">
  <reporter-output>
  </reporter-output>
  <suite started-at="2023-03-10T17:29:36 IST" name="Suite" finished-at="2023-03-10T17:29:37 IST" duration-ms="107">
    <groups>
    </groups>
    <test started-at="2023-03-10T17:29:36 IST" name="Test" finished-at="2023-03-10T17:29:37 IST" duration-ms="107">
      <class name="jenkinsPractice.Practice2">
        <test-method signature="test4()[pri:0, instance:jenkinsPractice.Practice2@29d89d5d]" started-at="2023-03-10T17:29:37 IST" name="test4" finished-at="2023-03-10T17:29:37 IST" duration-ms="2" status="PASS">
          <reporter-output>
          </reporter-output>
        </test-method> <!-- test4 -->
        <test-method signature="test5()[pri:0, instance:jenkinsPractice.Practice2@29d89d5d]" started-at="2023-03-10T17:29:37 IST" name="test5" finished-at="2023-03-10T17:29:37 IST" duration-ms="3" status="PASS">
          <reporter-output>
          </reporter-output>
        </test-method> <!-- test5 -->
        <test-method signature="test6()[pri:0, instance:jenkinsPractice.Practice2@29d89d5d]" started-at="2023-03-10T17:29:37 IST" name="test6" finished-at="2023-03-10T17:29:37 IST" duration-ms="2" status="PASS">
          <reporter-output>
          </reporter-output>
        </test-method> <!-- test6 -->
      </class> <!-- jenkinsPractice.Practice2 -->
      <class name="jenkinsPractice.Practice1">
        <test-method signature="test1()[pri:0, instance:jenkinsPractice.Practice1@1613674b]" started-at="2023-03-10T17:29:36 IST" name="test1" finished-at="2023-03-10T17:29:37 IST" duration-ms="18" status="PASS">
          <reporter-output>
          </reporter-output>
        </test-method> <!-- test1 -->
        <test-method signature="test2()[pri:0, instance:jenkinsPractice.Practice1@1613674b]" started-at="2023-03-10T17:29:37 IST" name="test2" finished-at="2023-03-10T17:29:37 IST" duration-ms="2" status="PASS">
          <reporter-output>
          </reporter-output>
        </test-method> <!-- test2 -->
        <test-method signature="test3()[pri:0, instance:jenkinsPractice.Practice1@1613674b]" started-at="2023-03-10T17:29:37 IST" name="test3" finished-at="2023-03-10T17:29:37 IST" duration-ms="4" status="PASS">
          <reporter-output>
          </reporter-output>
        </test-method> <!-- test3 -->
      </class> <!-- jenkinsPractice.Practice1 -->
    </test> <!-- Test -->
  </suite> <!-- Suite -->
</testng-results>
